mode: set
snippetbox.samkha.com/internal/models/snippets.go:27.87,31.16 3 0
snippetbox.samkha.com/internal/models/snippets.go:31.16,33.3 1 0
snippetbox.samkha.com/internal/models/snippets.go:35.2,37.16 2 0
snippetbox.samkha.com/internal/models/snippets.go:37.16,39.3 1 0
snippetbox.samkha.com/internal/models/snippets.go:41.2,41.21 1 0
snippetbox.samkha.com/internal/models/snippets.go:44.53,52.16 5 0
snippetbox.samkha.com/internal/models/snippets.go:52.16,53.36 1 0
snippetbox.samkha.com/internal/models/snippets.go:53.36,55.4 1 0
snippetbox.samkha.com/internal/models/snippets.go:55.9,57.4 1 0
snippetbox.samkha.com/internal/models/snippets.go:60.2,60.15 1 0
snippetbox.samkha.com/internal/models/snippets.go:63.52,67.16 3 0
snippetbox.samkha.com/internal/models/snippets.go:67.16,69.3 1 0
snippetbox.samkha.com/internal/models/snippets.go:70.2,73.18 3 0
snippetbox.samkha.com/internal/models/snippets.go:73.18,77.17 3 0
snippetbox.samkha.com/internal/models/snippets.go:77.17,79.4 1 0
snippetbox.samkha.com/internal/models/snippets.go:80.3,80.33 1 0
snippetbox.samkha.com/internal/models/snippets.go:83.2,83.34 1 0
snippetbox.samkha.com/internal/models/snippets.go:83.34,85.3 1 0
snippetbox.samkha.com/internal/models/snippets.go:87.2,87.22 1 0
snippetbox.samkha.com/internal/models/users.go:31.64,34.16 2 0
snippetbox.samkha.com/internal/models/users.go:34.16,36.3 1 0
snippetbox.samkha.com/internal/models/users.go:37.2,40.16 3 0
snippetbox.samkha.com/internal/models/users.go:40.16,43.34 2 0
snippetbox.samkha.com/internal/models/users.go:43.34,44.91 1 0
snippetbox.samkha.com/internal/models/users.go:44.91,46.5 1 0
snippetbox.samkha.com/internal/models/users.go:48.4,48.14 1 0
snippetbox.samkha.com/internal/models/users.go:51.2,51.12 1 0
snippetbox.samkha.com/internal/models/users.go:54.71,60.16 5 0
snippetbox.samkha.com/internal/models/users.go:60.16,61.36 1 0
snippetbox.samkha.com/internal/models/users.go:61.36,63.4 1 0
snippetbox.samkha.com/internal/models/users.go:65.3,65.16 1 0
snippetbox.samkha.com/internal/models/users.go:68.2,70.16 2 0
snippetbox.samkha.com/internal/models/users.go:70.16,71.58 1 0
snippetbox.samkha.com/internal/models/users.go:71.58,73.4 1 0
snippetbox.samkha.com/internal/models/users.go:75.3,75.16 1 0
snippetbox.samkha.com/internal/models/users.go:78.2,78.16 1 0
snippetbox.samkha.com/internal/models/users.go:81.50,88.2 4 1
snippetbox.samkha.com/cmd/web/handlers.go:14.55,16.2 1 0
snippetbox.samkha.com/cmd/web/handlers.go:18.70,21.16 2 0
snippetbox.samkha.com/cmd/web/handlers.go:21.16,24.3 2 0
snippetbox.samkha.com/cmd/web/handlers.go:26.2,29.57 3 0
snippetbox.samkha.com/cmd/web/handlers.go:32.77,35.26 3 1
snippetbox.samkha.com/cmd/web/handlers.go:35.26,38.3 2 1
snippetbox.samkha.com/cmd/web/handlers.go:39.2,41.16 2 1
snippetbox.samkha.com/cmd/web/handlers.go:41.16,42.41 1 1
snippetbox.samkha.com/cmd/web/handlers.go:42.41,45.4 2 1
snippetbox.samkha.com/cmd/web/handlers.go:45.9,48.4 2 0
snippetbox.samkha.com/cmd/web/handlers.go:50.2,53.57 3 1
snippetbox.samkha.com/cmd/web/handlers.go:63.83,69.16 4 0
snippetbox.samkha.com/cmd/web/handlers.go:69.16,72.3 2 0
snippetbox.samkha.com/cmd/web/handlers.go:74.2,81.19 6 0
snippetbox.samkha.com/cmd/web/handlers.go:81.19,86.3 4 0
snippetbox.samkha.com/cmd/web/handlers.go:88.2,90.16 2 0
snippetbox.samkha.com/cmd/web/handlers.go:90.16,93.3 2 0
snippetbox.samkha.com/cmd/web/handlers.go:95.2,96.79 2 0
snippetbox.samkha.com/cmd/web/handlers.go:99.79,105.2 3 0
snippetbox.samkha.com/cmd/web/handlers.go:120.71,124.2 3 0
snippetbox.samkha.com/cmd/web/handlers.go:125.75,129.16 3 0
snippetbox.samkha.com/cmd/web/handlers.go:129.16,132.3 2 0
snippetbox.samkha.com/cmd/web/handlers.go:134.2,139.19 5 0
snippetbox.samkha.com/cmd/web/handlers.go:139.19,145.3 4 0
snippetbox.samkha.com/cmd/web/handlers.go:147.2,149.16 2 0
snippetbox.samkha.com/cmd/web/handlers.go:149.16,150.51 1 0
snippetbox.samkha.com/cmd/web/handlers.go:150.51,157.4 5 0
snippetbox.samkha.com/cmd/web/handlers.go:159.3,159.29 1 0
snippetbox.samkha.com/cmd/web/handlers.go:162.2,164.16 2 0
snippetbox.samkha.com/cmd/web/handlers.go:164.16,166.3 1 0
snippetbox.samkha.com/cmd/web/handlers.go:168.2,169.61 2 0
snippetbox.samkha.com/cmd/web/handlers.go:172.72,176.2 3 1
snippetbox.samkha.com/cmd/web/handlers.go:177.76,182.16 3 1
snippetbox.samkha.com/cmd/web/handlers.go:182.16,185.3 2 0
snippetbox.samkha.com/cmd/web/handlers.go:187.2,193.19 6 1
snippetbox.samkha.com/cmd/web/handlers.go:193.19,198.3 4 1
snippetbox.samkha.com/cmd/web/handlers.go:200.2,202.16 2 1
snippetbox.samkha.com/cmd/web/handlers.go:202.16,203.51 1 0
snippetbox.samkha.com/cmd/web/handlers.go:203.51,208.4 4 0
snippetbox.samkha.com/cmd/web/handlers.go:209.3,209.9 1 0
snippetbox.samkha.com/cmd/web/handlers.go:212.2,214.57 2 1
snippetbox.samkha.com/cmd/web/handlers.go:216.72,219.16 2 0
snippetbox.samkha.com/cmd/web/handlers.go:219.16,222.3 2 0
snippetbox.samkha.com/cmd/web/handlers.go:224.2,226.47 3 0
snippetbox.samkha.com/cmd/web/handlers.go:229.51,231.2 1 1
snippetbox.samkha.com/cmd/web/helper.go:14.88,22.2 3 0
snippetbox.samkha.com/cmd/web/helper.go:24.72,26.2 1 1
snippetbox.samkha.com/cmd/web/helper.go:28.57,30.2 1 1
snippetbox.samkha.com/cmd/web/helper.go:32.116,35.9 2 1
snippetbox.samkha.com/cmd/web/helper.go:35.9,39.3 3 0
snippetbox.samkha.com/cmd/web/helper.go:40.2,43.16 3 1
snippetbox.samkha.com/cmd/web/helper.go:43.16,46.3 2 0
snippetbox.samkha.com/cmd/web/helper.go:47.2,48.16 2 1
snippetbox.samkha.com/cmd/web/helper.go:51.71,58.2 1 1
snippetbox.samkha.com/cmd/web/helper.go:60.72,63.16 2 1
snippetbox.samkha.com/cmd/web/helper.go:63.16,65.3 1 0
snippetbox.samkha.com/cmd/web/helper.go:67.2,69.16 2 1
snippetbox.samkha.com/cmd/web/helper.go:69.16,72.42 2 0
snippetbox.samkha.com/cmd/web/helper.go:72.42,73.14 1 0
snippetbox.samkha.com/cmd/web/helper.go:76.3,76.13 1 0
snippetbox.samkha.com/cmd/web/helper.go:79.2,79.12 1 1
snippetbox.samkha.com/cmd/web/helper.go:82.63,85.9 2 1
snippetbox.samkha.com/cmd/web/helper.go:85.9,87.3 1 1
snippetbox.samkha.com/cmd/web/helper.go:89.2,89.24 1 0
snippetbox.samkha.com/cmd/web/main.go:31.42,34.16 2 0
snippetbox.samkha.com/cmd/web/main.go:34.16,36.3 1 0
snippetbox.samkha.com/cmd/web/main.go:38.2,40.16 2 0
snippetbox.samkha.com/cmd/web/main.go:40.16,43.3 2 0
snippetbox.samkha.com/cmd/web/main.go:45.2,45.16 1 0
snippetbox.samkha.com/cmd/web/main.go:48.13,57.16 6 0
snippetbox.samkha.com/cmd/web/main.go:57.16,60.3 2 0
snippetbox.samkha.com/cmd/web/main.go:62.2,66.16 3 0
snippetbox.samkha.com/cmd/web/main.go:66.16,69.3 2 0
snippetbox.samkha.com/cmd/web/main.go:71.2,106.12 12 0
snippetbox.samkha.com/cmd/web/middleware.go:11.52,12.71 1 1
snippetbox.samkha.com/cmd/web/middleware.go:12.71,20.3 6 1
snippetbox.samkha.com/cmd/web/middleware.go:23.68,24.71 1 1
snippetbox.samkha.com/cmd/web/middleware.go:24.71,34.3 3 1
snippetbox.samkha.com/cmd/web/middleware.go:37.70,38.71 1 1
snippetbox.samkha.com/cmd/web/middleware.go:38.71,40.16 1 1
snippetbox.samkha.com/cmd/web/middleware.go:40.16,41.36 1 1
snippetbox.samkha.com/cmd/web/middleware.go:41.36,44.5 2 0
snippetbox.samkha.com/cmd/web/middleware.go:47.3,47.23 1 1
snippetbox.samkha.com/cmd/web/middleware.go:51.79,52.71 1 1
snippetbox.samkha.com/cmd/web/middleware.go:52.71,53.30 1 0
snippetbox.samkha.com/cmd/web/middleware.go:53.30,56.4 2 0
snippetbox.samkha.com/cmd/web/middleware.go:57.3,58.23 2 0
snippetbox.samkha.com/cmd/web/middleware.go:62.45,72.2 3 1
snippetbox.samkha.com/cmd/web/middleware.go:74.70,75.71 1 1
snippetbox.samkha.com/cmd/web/middleware.go:75.71,78.14 2 1
snippetbox.samkha.com/cmd/web/middleware.go:78.14,82.4 2 1
snippetbox.samkha.com/cmd/web/middleware.go:84.3,86.17 2 0
snippetbox.samkha.com/cmd/web/middleware.go:86.17,89.4 2 0
snippetbox.samkha.com/cmd/web/middleware.go:91.3,91.13 1 0
snippetbox.samkha.com/cmd/web/middleware.go:91.13,95.4 2 0
snippetbox.samkha.com/cmd/web/middleware.go:97.3,97.23 1 0
snippetbox.samkha.com/cmd/web/routes.go:12.47,15.82 2 1
snippetbox.samkha.com/cmd/web/routes.go:15.82,17.3 1 1
snippetbox.samkha.com/cmd/web/routes.go:19.2,42.30 16 1
snippetbox.samkha.com/cmd/web/routes.go:51.65,54.16 2 0
snippetbox.samkha.com/cmd/web/routes.go:54.16,56.3 1 0
snippetbox.samkha.com/cmd/web/routes.go:58.2,60.15 2 0
snippetbox.samkha.com/cmd/web/routes.go:60.15,63.46 2 0
snippetbox.samkha.com/cmd/web/routes.go:63.46,66.23 2 0
snippetbox.samkha.com/cmd/web/routes.go:66.23,68.5 1 0
snippetbox.samkha.com/cmd/web/routes.go:70.4,70.19 1 0
snippetbox.samkha.com/cmd/web/routes.go:74.2,74.15 1 0
snippetbox.samkha.com/cmd/web/template.go:23.36,25.16 1 1
snippetbox.samkha.com/cmd/web/template.go:25.16,27.3 1 1
snippetbox.samkha.com/cmd/web/template.go:29.2,29.47 1 1
snippetbox.samkha.com/cmd/web/template.go:36.64,41.16 3 1
snippetbox.samkha.com/cmd/web/template.go:41.16,43.3 1 0
snippetbox.samkha.com/cmd/web/template.go:45.2,45.29 1 1
snippetbox.samkha.com/cmd/web/template.go:45.29,57.17 4 1
snippetbox.samkha.com/cmd/web/template.go:57.17,59.4 1 0
snippetbox.samkha.com/cmd/web/template.go:61.3,61.19 1 1
snippetbox.samkha.com/cmd/web/template.go:64.2,64.19 1 1
